<?xml version="1.0" encoding="UTF-8"?>
<!-- Generated by org.testng.reporters.JUnitReportReporter -->
<testsuite skipped="0" hostname="idea-PC" name="testScripts.Module4" tests="2" failures="0" timestamp="09 Apr 2019 17:39:16 GMT" time="50.730" errors="0">
  <testcase name="TC402" time="27.965" classname="testScripts.Module4"/>
  <testcase name="TC401" time="22.765" classname="testScripts.Module4"/>
</testsuite> <!-- testScripts.Module4 -->
