<?xml version="1.0" encoding="UTF-8"?>
<!-- Generated by org.testng.reporters.JUnitReportReporter -->
<testsuite skipped="0" hostname="idea-PC" name="testScripts.Module2" tests="1" failures="0" timestamp="09 Apr 2019 17:39:16 GMT" time="26.614" errors="0">
  <testcase name="TC201" time="26.614" classname="testScripts.Module2"/>
</testsuite> <!-- testScripts.Module2 -->
