<?xml version="1.0" encoding="UTF-8"?>
<!-- Generated by org.testng.reporters.JUnitReportReporter -->
<testsuite skipped="0" hostname="idea-PC" name="testScripts.Module3" tests="1" failures="0" timestamp="09 Apr 2019 17:39:16 GMT" time="24.675" errors="0">
  <testcase name="TC301" time="24.675" classname="testScripts.Module3"/>
</testsuite> <!-- testScripts.Module3 -->
