<?xml version="1.0" encoding="UTF-8"?>
<!-- Generated by org.testng.reporters.JUnitReportReporter -->
<testsuite skipped="0" hostname="idea-PC" name="testScripts.Module1" tests="1" failures="0" timestamp="09 Apr 2019 17:39:16 GMT" time="28.116" errors="0">
  <testcase name="TC101" time="28.116" classname="testScripts.Module1"/>
</testsuite> <!-- testScripts.Module1 -->
